Copyright 1986-2017 Xilinx, Inc. All Rights Reserved.
-------------------------------------------------------------------------------------------------------------------------------
| Tool Version     : Vivado v.2017.4 (win64) Build 2086221 Fri Dec 15 20:55:39 MST 2017
| Date             : Thu May 26 01:33:58 2022
| Host             : LAPTOP-UC0KOE91 running 64-bit major release  (build 9200)
| Command          : report_power -file top_power_routed.rpt -pb top_power_summary_routed.pb -rpx top_power_routed.rpx
| Design           : top
| Device           : xc7a100tfgg484-1
| Design State     : routed
| Grade            : commercial
| Process          : typical
| Characterization : Production
-------------------------------------------------------------------------------------------------------------------------------

Power Report

Table of Contents
-----------------
1. Summary
1.1 On-Chip Components
1.2 Power Supply Summary
1.3 Confidence Level
2. Settings
2.1 Environment
2.2 Clock Constraints
3. Detailed Reports
3.1 By Hierarchy

1. Summary
----------

+--------------------------+----------------------------------+
| Total On-Chip Power (W)  | 58.985 (Junction temp exceeded!) |
| Design Power Budget (W)  | Unspecified*                     |
| Power Budget Margin (W)  | NA                               |
| Dynamic (W)              | 58.170                           |
| Device Static (W)        | 0.815                            |
| Effective TJA (C/W)      | 2.7                              |
| Max Ambient (C)          | 0.0                              |
| Junction Temperature (C) | 125.0                            |
| Confidence Level         | Low                              |
| Setting File             | ---                              |
| Simulation Activity File | ---                              |
| Design Nets Matched      | NA                               |
+--------------------------+----------------------------------+
* Specify Design Power Budget using, set_operating_conditions -design_power_budget <value in Watts>


1.1 On-Chip Components
----------------------

+----------------+-----------+----------+-----------+-----------------+
| On-Chip        | Power (W) | Used     | Available | Utilization (%) |
+----------------+-----------+----------+-----------+-----------------+
| Slice Logic    |    21.783 |     4715 |       --- |             --- |
|   LUT as Logic |    21.125 |     2523 |     63400 |            3.98 |
|   CARRY4       |     0.293 |       61 |     15850 |            0.38 |
|   F7/F8 Muxes  |     0.186 |      361 |     63400 |            0.57 |
|   Register     |     0.159 |     1310 |    126800 |            1.03 |
|   BUFG         |     0.020 |        4 |        32 |           12.50 |
|   Others       |     0.000 |       96 |       --- |             --- |
| Signals        |    28.261 |     4095 |       --- |             --- |
| Block RAM      |     1.285 |       29 |       135 |           21.48 |
| PLL            |     3.705 |        1 |         6 |           16.67 |
| I/O            |     3.136 |       75 |       285 |           26.32 |
| Static Power   |     0.815 |          |           |                 |
| Total          |    58.985 |          |           |                 |
+----------------+-----------+----------+-----------+-----------------+


1.2 Power Supply Summary
------------------------

+-----------+-------------+-----------+-------------+------------+
| Source    | Voltage (V) | Total (A) | Dynamic (A) | Static (A) |
+-----------+-------------+-----------+-------------+------------+
| Vccint    |       1.000 |    52.418 |      51.846 |      0.572 |
| Vccaux    |       1.800 |     1.979 |       1.886 |      0.093 |
| Vcco33    |       3.300 |     0.858 |       0.854 |      0.004 |
| Vcco25    |       2.500 |     0.000 |       0.000 |      0.000 |
| Vcco18    |       1.800 |     0.000 |       0.000 |      0.000 |
| Vcco15    |       1.500 |     0.000 |       0.000 |      0.000 |
| Vcco135   |       1.350 |     0.000 |       0.000 |      0.000 |
| Vcco12    |       1.200 |     0.000 |       0.000 |      0.000 |
| Vccaux_io |       1.800 |     0.000 |       0.000 |      0.000 |
| Vccbram   |       1.000 |     0.137 |       0.110 |      0.027 |
| MGTAVcc   |       1.000 |     0.000 |       0.000 |      0.000 |
| MGTAVtt   |       1.200 |     0.000 |       0.000 |      0.000 |
| Vccadc    |       1.800 |     0.020 |       0.000 |      0.020 |
+-----------+-------------+-----------+-------------+------------+


1.3 Confidence Level
--------------------

+-----------------------------+------------+--------------------------------------------------------+--------------------------------------------------------------------------------------------------------------------+
| User Input Data             | Confidence | Details                                                | Action                                                                                                             |
+-----------------------------+------------+--------------------------------------------------------+--------------------------------------------------------------------------------------------------------------------+
| Design implementation state | High       | Design is routed                                       |                                                                                                                    |
| Clock nodes activity        | Low        | User specified less than 75% of clocks                 | Provide missing clock activity with a constraint file, simulation results or by editing the "By Clock Domain" view |
| I/O nodes activity          | Low        | More than 75% of inputs are missing user specification | Provide missing input activity with simulation results or by editing the "By Resource Type -> I/Os" view           |
| Internal nodes activity     | Medium     | User specified less than 25% of internal nodes         | Provide missing internal nodes activity with simulation results or by editing the "By Resource Type" views         |
| Device models               | High       | Device models are Production                           |                                                                                                                    |
|                             |            |                                                        |                                                                                                                    |
| Overall confidence level    | Low        |                                                        |                                                                                                                    |
+-----------------------------+------------+--------------------------------------------------------+--------------------------------------------------------------------------------------------------------------------+


2. Settings
-----------

2.1 Environment
---------------

+-----------------------+--------------------------+
| Ambient Temp (C)      | 25.0                     |
| ThetaJA (C/W)         | 2.7                      |
| Airflow (LFM)         | 250                      |
| Heat Sink             | medium (Medium Profile)  |
| ThetaSA (C/W)         | 4.6                      |
| Board Selection       | medium (10"x10")         |
| # of Board Layers     | 12to15 (12 to 15 Layers) |
| Board Temperature (C) | 25.0                     |
+-----------------------+--------------------------+


2.2 Clock Constraints
---------------------

+-------+--------+-----------------+
| Clock | Domain | Constraint (ns) |
+-------+--------+-----------------+


3. Detailed Reports
-------------------

3.1 By Hierarchy
----------------

+------------------------------------------------+-----------+
| Name                                           | Power (W) |
+------------------------------------------------+-----------+
| top                                            |    58.170 |
|   LightSeg                                     |     0.423 |
|   cpuclk                                       |     3.860 |
|     inst                                       |     3.860 |
|   decoder                                      |    11.979 |
|   dememory                                     |     2.677 |
|     dram                                       |     2.677 |
|       U0                                       |     2.677 |
|         inst_blk_mem_gen                       |     2.677 |
|           gnbram.gnativebmg.native_blk_mem_gen |     2.677 |
|             valid.cstr                         |     2.677 |
|               bindec_a.bindec_inst_a           |     0.079 |
|               has_mux_a.A                      |     1.518 |
|               ramloop[0].ram.r                 |     0.069 |
|                 prim_init.ram                  |     0.069 |
|               ramloop[10].ram.r                |     0.031 |
|                 prim_init.ram                  |     0.031 |
|               ramloop[11].ram.r                |     0.060 |
|                 prim_init.ram                  |     0.060 |
|               ramloop[12].ram.r                |     0.042 |
|                 prim_init.ram                  |     0.042 |
|               ramloop[13].ram.r                |     0.046 |
|                 prim_init.ram                  |     0.046 |
|               ramloop[14].ram.r                |     0.025 |
|                 prim_init.ram                  |     0.025 |
|               ramloop[1].ram.r                 |     0.196 |
|                 prim_init.ram                  |     0.196 |
|               ramloop[2].ram.r                 |     0.187 |
|                 prim_init.ram                  |     0.187 |
|               ramloop[3].ram.r                 |     0.057 |
|                 prim_init.ram                  |     0.057 |
|               ramloop[4].ram.r                 |     0.087 |
|                 prim_init.ram                  |     0.087 |
|               ramloop[5].ram.r                 |     0.098 |
|                 prim_init.ram                  |     0.098 |
|               ramloop[6].ram.r                 |     0.029 |
|                 prim_init.ram                  |     0.029 |
|               ramloop[7].ram.r                 |     0.059 |
|                 prim_init.ram                  |     0.059 |
|               ramloop[8].ram.r                 |     0.046 |
|                 prim_init.ram                  |     0.046 |
|               ramloop[9].ram.r                 |     0.047 |
|                 prim_init.ram                  |     0.047 |
|   ifetc                                        |    35.549 |
|     u                                          |     5.417 |
|       U0                                       |     5.417 |
|         inst_blk_mem_gen                       |     5.417 |
|           gnbram.gnativebmg.native_blk_mem_gen |     5.417 |
|             valid.cstr                         |     5.417 |
|               bindec_a.bindec_inst_a           |     0.021 |
|               has_mux_a.A                      |     3.749 |
|               ramloop[0].ram.r                 |     0.323 |
|                 prim_init.ram                  |     0.323 |
|               ramloop[10].ram.r                |     0.025 |
|                 prim_init.ram                  |     0.025 |
|               ramloop[11].ram.r                |     0.079 |
|                 prim_init.ram                  |     0.079 |
|               ramloop[12].ram.r                |     0.039 |
|                 prim_init.ram                  |     0.039 |
|               ramloop[13].ram.r                |     0.033 |
|                 prim_init.ram                  |     0.033 |
|               ramloop[14].ram.r                |     0.038 |
|                 prim_init.ram                  |     0.038 |
|               ramloop[1].ram.r                 |     0.535 |
|                 prim_init.ram                  |     0.535 |
|               ramloop[2].ram.r                 |     0.210 |
|                 prim_init.ram                  |     0.210 |
|               ramloop[3].ram.r                 |     0.073 |
|                 prim_init.ram                  |     0.073 |
|               ramloop[4].ram.r                 |     0.054 |
|                 prim_init.ram                  |     0.054 |
|               ramloop[5].ram.r                 |     0.047 |
|                 prim_init.ram                  |     0.047 |
|               ramloop[6].ram.r                 |     0.012 |
|                 prim_init.ram                  |     0.012 |
|               ramloop[7].ram.r                 |     0.108 |
|                 prim_init.ram                  |     0.108 |
|               ramloop[8].ram.r                 |     0.031 |
|                 prim_init.ram                  |     0.031 |
|               ramloop[9].ram.r                 |     0.038 |
|                 prim_init.ram                  |     0.038 |
|   io                                           |     0.128 |
|   keyboardu                                    |     0.186 |
|     u                                          |     0.086 |
+------------------------------------------------+-----------+


